Triggering on area 367x105+6+253
Triggered on 28478 (12%)
Recording video 10000s to /tmp/00001-2013-08-06_17-40-54-video.h264 in 1280 x 720 with rotation 0...
Sending /tmp/00001-2013-08-06_17-40-54-video.h264
Sending /tmp/00001-image-diff.jpg
Sending /tmp/00001-image.jpg
Sending /tmp/00000-image.jpg
00003 Ignoring diff 4 (0%)
00004 Ignoring diff 13 (0%)
00005 Ignoring diff 11 (0%)
00006 Ignoring diff 0 (0%)
Triggered on 22475 (10%)
Recording video 10000s to /tmp/00007-2013-08-06_17-42-04-video.h264 in 1280 x 720 with rotation 0...
Sending /tmp/00007-2013-08-06_17-42-04-video.h264
Sending /tmp/00007-image-diff.jpg
Sending /tmp/00007-image.jpg
Sending /tmp/00006-image.jpg
Sending /tmp/00005-image.jpg
Sending /tmp/00004-image.jpg
Sending /tmp/00003-image.jpg
00009 Ignoring diff 1 (0%)
00010 Ignoring diff 0 (0%)
00011 Ignoring diff 4 (0%)
00012 Ignoring diff 1 (0%)
00013 Ignoring diff 1 (0%)
00014 Ignoring diff 3 (0%)
Exiting...
Exited
